mar. 03, 2025 4:30:21 PM liquibase.changelog
INFO: Reading resource: db/changelog/migrations/db.changelog-202503031622.sql
mar. 03, 2025 4:30:21 PM liquibase.changelog
INFO: Reading from board.databasechangelog
mar. 03, 2025 4:30:21 PM liquibase.lockservice
INFO: Successfully acquired change log lock
mar. 03, 2025 4:30:21 PM liquibase.command
INFO: Using deploymentId: 1030221618
mar. 03, 2025 4:30:21 PM liquibase.changelog
INFO: Reading from board.databasechangelog
Running Changeset: db/changelog/migrations/db.changelog-202503031622.sql::202503011606::eduardo
mar. 03, 2025 4:30:21 PM liquibase.changelog
INFO: Custom SQL executed
mar. 03, 2025 4:30:21 PM liquibase.changelog
INFO: ChangeSet db/changelog/migrations/db.changelog-202503031622.sql::202503011606::eduardo ran successfully in 72ms

UPDATE SUMMARY
Run:                          1
Previously run:               0
Filtered out:                 0
-------------------------------
Total change sets:            1

mar. 03, 2025 4:30:21 PM liquibase.util
INFO: UPDATE SUMMARY
mar. 03, 2025 4:30:21 PM liquibase.util
INFO: Run:                          1
mar. 03, 2025 4:30:21 PM liquibase.util
INFO: Previously run:               0
mar. 03, 2025 4:30:21 PM liquibase.util
INFO: Filtered out:                 0
mar. 03, 2025 4:30:21 PM liquibase.util
INFO: -------------------------------
mar. 03, 2025 4:30:21 PM liquibase.util
INFO: Total change sets:            1
mar. 03, 2025 4:30:21 PM liquibase.util
INFO: Update summary generated
mar. 03, 2025 4:30:21 PM liquibase.command
INFO: Update command completed successfully.
Liquibase: Update has been successful. Rows affected: 1
mar. 03, 2025 4:30:21 PM liquibase.lockservice
INFO: Successfully released change log lock
mar. 03, 2025 4:30:21 PM liquibase.command
INFO: Command execution complete
